<?xml version="1.0" encoding="UTF-8"?>
<!-- Generated by org.testng.reporters.JUnitXMLReporter -->
<testsuite ignored="0" hostname="LAPTOP-D53S7NRA" failures="1" tests="2" name="Test" time="83.835" errors="0" timestamp="2023-07-11T11:27:43 CDT">
  <testcase classname="baseclass.Testbase" name="googletitleTest" time="3.912">
    <failure type="java.lang.AssertionError" message="expected [Googe] but found [Google]">
      <![CDATA[java.lang.AssertionError: expected [Googe] but found [Google]
at baseclass.Testbase.googletitleTest(Testbase.java:135)
at java.base/java.util.ArrayList.forEach(ArrayList.java:1511)
... Removed 33 stack frames]]>
    </failure>
  </testcase> <!-- googletitleTest -->
  <testcase classname="baseclass.Testbase" name="facebookTitleTest" time="16.341"/>
</testsuite> <!-- Test -->
